\BOOKMARK [1][-]{section.1}{Trocha teorie}{}% 1
\BOOKMARK [1][-]{section.2}{Z\341kladn\355 struktura dokumentu}{}% 2
\BOOKMARK [2][-]{subsection.2.1}{\332vod do struktury}{section.2}% 3
\BOOKMARK [2][-]{subsection.2.2}{C\341sti dokumentu}{section.2}% 4
\BOOKMARK [1][-]{section.3}{Nac\355t\341n\355 roz\235iruj\355c\355ch bal\355cku}{}% 5
\BOOKMARK [1][-]{section.4}{Ce\235tina v LaTeXu}{}% 6
\BOOKMARK [1][-]{section.5}{Form\341tov\341n\355 textu}{}% 7
\BOOKMARK [2][-]{subsection.5.1}{Znaky a form\341t textu}{section.5}% 8
\BOOKMARK [2][-]{subsection.5.2}{Tok textu}{section.5}% 9
\BOOKMARK [2][-]{subsection.5.3}{Rozlo\236en\355 str\341nky}{section.5}% 10
\BOOKMARK [1][-]{section.6}{Kapitoly}{}% 11
\BOOKMARK [1][-]{section.7}{Seznamy}{}% 12
\BOOKMARK [2][-]{subsection.7.1}{Bodov\351 odr\341\236ky}{section.7}% 13
\BOOKMARK [2][-]{subsection.7.2}{C\355slovan\351 odr\341\236ky}{section.7}% 14
\BOOKMARK [2][-]{subsection.7.3}{Pojmenovan\351 odr\341\236ky}{section.7}% 15
\BOOKMARK [1][-]{section.8}{Tabulky}{}% 16
\BOOKMARK [2][-]{subsection.8.1}{Form\341tov\341n\355 tabulky}{section.8}% 17
\BOOKMARK [2][-]{subsection.8.2}{Form\341tov\341n\355 sloupcu}{section.8}% 18
\BOOKMARK [1][-]{section.9}{Matematika}{}% 19
\BOOKMARK [2][-]{subsection.9.1}{Z\341kladn\355 pravidla}{section.9}% 20
\BOOKMARK [2][-]{subsection.9.2}{Odd\355ly pro matematick\375 z\341pis}{section.9}% 21
\BOOKMARK [2][-]{subsection.9.3}{Znaky}{section.9}% 22
\BOOKMARK [2][-]{subsection.9.4}{Mezery}{section.9}% 23
\BOOKMARK [2][-]{subsection.9.5}{Z\341pisy}{section.9}% 24
\BOOKMARK [1][-]{section.10}{Obr\341zky}{}% 25
\BOOKMARK [1][-]{section.11}{Reference, pozn\341mky, odkazy}{}% 26
\BOOKMARK [2][-]{subsection.11.1}{Reference}{section.11}% 27
\BOOKMARK [2][-]{subsection.11.2}{Pozn\341mka pod carou}{section.11}% 28
\BOOKMARK [2][-]{subsection.11.3}{Pou\236it\351 zdroje}{section.11}% 29
\BOOKMARK [3][-]{subsubsection.11.3.1}{Z\341kladn\355 reference}{subsection.11.3}% 30
\BOOKMARK [3][-]{subsubsection.11.3.2}{BibTeX}{subsection.11.3}% 31
\BOOKMARK [1][-]{section.12}{Vlastn\355 pr\355kazy}{}% 32
